<?xml version="1.0" encoding="UTF-8"?>
<coverage generated="1588830876679" clover="3.2.0">
  <project timestamp="1588830876679" name="All files">
    <metrics statements="40" coveredstatements="35" conditionals="8" coveredconditionals="8" methods="11" coveredmethods="8" elements="59" coveredelements="51" complexity="0" loc="40" ncloc="40" packages="2" files="7" classes="7"/>
    <package name="src">
      <metrics statements="1" coveredstatements="0" conditionals="0" coveredconditionals="0" methods="0" coveredmethods="0"/>
      <file name="index.jsx" path="/Users/minjigwak/yelp_business-reviews/client/src/index.jsx">
        <metrics statements="1" coveredstatements="0" conditionals="0" coveredconditionals="0" methods="0" coveredmethods="0"/>
        <line num="5" count="0" type="stmt"/>
      </file>
      <file name="mockresponse.js" path="/Users/minjigwak/yelp_business-reviews/client/src/mockresponse.js">
        <metrics statements="0" coveredstatements="0" conditionals="0" coveredconditionals="0" methods="0" coveredmethods="0"/>
      </file>
    </package>
    <package name="src.components">
      <metrics statements="39" coveredstatements="35" conditionals="8" coveredconditionals="8" methods="11" coveredmethods="8"/>
      <file name="App.jsx" path="/Users/minjigwak/yelp_business-reviews/client/src/components/App.jsx">
        <metrics statements="7" coveredstatements="4" conditionals="0" coveredconditionals="0" methods="5" coveredmethods="3"/>
        <line num="9" count="1" type="stmt"/>
        <line num="10" count="1" type="stmt"/>
        <line num="16" count="1" type="stmt"/>
        <line num="18" count="0" type="stmt"/>
        <line num="19" count="0" type="stmt"/>
        <line num="22" count="0" type="stmt"/>
        <line num="27" count="1" type="stmt"/>
      </file>
      <file name="Pictures.jsx" path="/Users/minjigwak/yelp_business-reviews/client/src/components/Pictures.jsx">
        <metrics statements="4" coveredstatements="4" conditionals="0" coveredconditionals="0" methods="1" coveredmethods="1"/>
        <line num="5" count="4" type="stmt"/>
        <line num="10" count="4" type="stmt"/>
        <line num="19" count="4" type="stmt"/>
        <line num="20" count="3" type="stmt"/>
      </file>
      <file name="ReviewItem.jsx" path="/Users/minjigwak/yelp_business-reviews/client/src/components/ReviewItem.jsx">
        <metrics statements="20" coveredstatements="20" conditionals="8" coveredconditionals="8" methods="2" coveredmethods="2"/>
        <line num="7" count="3" type="stmt"/>
        <line num="14" count="3" type="stmt"/>
        <line num="26" count="3" type="stmt"/>
        <line num="35" count="3" type="stmt"/>
        <line num="44" count="3" type="stmt"/>
        <line num="56" count="3" type="stmt"/>
        <line num="77" count="3" type="stmt"/>
        <line num="85" count="3" type="stmt"/>
        <line num="94" count="3" type="stmt"/>
        <line num="102" count="3" type="stmt"/>
        <line num="108" count="3" type="stmt"/>
        <line num="118" count="3" type="stmt"/>
        <line num="133" count="3" type="stmt"/>
        <line num="150" count="3" type="stmt"/>
        <line num="159" count="3" type="stmt"/>
        <line num="163" count="3" type="stmt"/>
        <line num="171" count="3" type="stmt"/>
        <line num="180" count="3" type="stmt"/>
        <line num="181" count="3" type="stmt"/>
        <line num="211" count="5" type="stmt"/>
      </file>
      <file name="ReviewList.jsx" path="/Users/minjigwak/yelp_business-reviews/client/src/components/ReviewList.jsx">
        <metrics statements="6" coveredstatements="6" conditionals="0" coveredconditionals="0" methods="2" coveredmethods="2"/>
        <line num="6" count="2" type="stmt"/>
        <line num="21" count="2" type="stmt"/>
        <line num="37" count="2" type="stmt"/>
        <line num="38" count="1" type="stmt"/>
        <line num="39" count="1" type="stmt"/>
        <line num="43" count="2" type="stmt"/>
      </file>
      <file name="SearchReview.jsx" path="/Users/minjigwak/yelp_business-reviews/client/src/components/SearchReview.jsx">
        <metrics statements="2" coveredstatements="1" conditionals="0" coveredconditionals="0" methods="1" coveredmethods="0"/>
        <line num="4" count="1" type="stmt"/>
        <line num="5" count="0" type="stmt"/>
      </file>
    </package>
  </project>
</coverage>
