{"/Users/minjigwak/yelp_business-reviews/client/src/index.jsx": {"path":"/Users/minjigwak/yelp_business-reviews/client/src/index.jsx","statementMap":{"0":{"start":{"line":5,"column":0},"end":{"line":5,"column":56}}},"fnMap":{},"branchMap":{},"s":{"0":0},"f":{},"b":{}}
,"/Users/minjigwak/yelp_business-reviews/client/src/mockresponse.js": {"path":"/Users/minjigwak/yelp_business-reviews/client/src/mockresponse.js","statementMap":{},"fnMap":{},"branchMap":{},"s":{},"f":{},"b":{}}
,"/Users/minjigwak/yelp_business-reviews/client/src/components/App.jsx": {"path":"/Users/minjigwak/yelp_business-reviews/client/src/components/App.jsx","statementMap":{"0":{"start":{"line":9,"column":4},"end":{"line":9,"column":17}},"1":{"start":{"line":10,"column":4},"end":{"line":12,"column":6}},"2":{"start":{"line":16,"column":4},"end":{"line":23,"column":8}},"3":{"start":{"line":18,"column":8},"end":{"line":18,"column":63}},"4":{"start":{"line":19,"column":8},"end":{"line":19,"column":43}},"5":{"start":{"line":22,"column":8},"end":{"line":22,"column":65}},"6":{"start":{"line":27,"column":4},"end":{"line":33,"column":5}}},"fnMap":{"0":{"name":"(anonymous_0)","decl":{"start":{"line":8,"column":2},"end":{"line":8,"column":3}},"loc":{"start":{"line":8,"column":21},"end":{"line":13,"column":3}},"line":8},"1":{"name":"(anonymous_1)","decl":{"start":{"line":15,"column":2},"end":{"line":15,"column":3}},"loc":{"start":{"line":15,"column":22},"end":{"line":24,"column":3}},"line":15},"2":{"name":"(anonymous_2)","decl":{"start":{"line":17,"column":12},"end":{"line":17,"column":13}},"loc":{"start":{"line":17,"column":19},"end":{"line":20,"column":7}},"line":17},"3":{"name":"(anonymous_3)","decl":{"start":{"line":21,"column":13},"end":{"line":21,"column":14}},"loc":{"start":{"line":21,"column":22},"end":{"line":23,"column":7}},"line":21},"4":{"name":"(anonymous_4)","decl":{"start":{"line":26,"column":2},"end":{"line":26,"column":3}},"loc":{"start":{"line":26,"column":11},"end":{"line":34,"column":3}},"line":26}},"branchMap":{},"s":{"0":1,"1":1,"2":1,"3":0,"4":0,"5":0,"6":1},"f":{"0":1,"1":1,"2":0,"3":0,"4":1},"b":{},"_coverageSchema":"1a1c01bbd47fc00a2c39e90264f33305004495a9","hash":"7d170e94920b4b71c76f144fd7ca99265266e306"}
,"/Users/minjigwak/yelp_business-reviews/client/src/components/Pictures.jsx": {"path":"/Users/minjigwak/yelp_business-reviews/client/src/components/Pictures.jsx","statementMap":{"0":{"start":{"line":5,"column":18},"end":{"line":9,"column":1}},"1":{"start":{"line":10,"column":25},"end":{"line":17,"column":1}},"2":{"start":{"line":19,"column":17},"end":{"line":23,"column":1}},"3":{"start":{"line":20,"column":2},"end":{"line":22,"column":14}}},"fnMap":{"0":{"name":"(anonymous_0)","decl":{"start":{"line":19,"column":17},"end":{"line":19,"column":18}},"loc":{"start":{"line":20,"column":2},"end":{"line":22,"column":14}},"line":20}},"branchMap":{},"s":{"0":4,"1":4,"2":4,"3":3},"f":{"0":3},"b":{},"_coverageSchema":"1a1c01bbd47fc00a2c39e90264f33305004495a9","hash":"77750d84d5100a4042d484cdf67d0bcb78a654ab"}
,"/Users/minjigwak/yelp_business-reviews/client/src/components/ReviewItem.jsx": {"path":"/Users/minjigwak/yelp_business-reviews/client/src/components/ReviewItem.jsx","statementMap":{"0":{"start":{"line":7,"column":20},"end":{"line":13,"column":1}},"1":{"start":{"line":14,"column":18},"end":{"line":24,"column":1}},"2":{"start":{"line":26,"column":19},"end":{"line":33,"column":1}},"3":{"start":{"line":35,"column":20},"end":{"line":42,"column":1}},"4":{"start":{"line":44,"column":20},"end":{"line":54,"column":1}},"5":{"start":{"line":56,"column":19},"end":{"line":75,"column":1}},"6":{"start":{"line":77,"column":21},"end":{"line":83,"column":1}},"7":{"start":{"line":85,"column":18},"end":{"line":93,"column":1}},"8":{"start":{"line":94,"column":18},"end":{"line":101,"column":1}},"9":{"start":{"line":102,"column":22},"end":{"line":106,"column":1}},"10":{"start":{"line":108,"column":22},"end":{"line":117,"column":1}},"11":{"start":{"line":118,"column":19},"end":{"line":131,"column":1}},"12":{"start":{"line":133,"column":17},"end":{"line":148,"column":1}},"13":{"start":{"line":150,"column":18},"end":{"line":157,"column":1}},"14":{"start":{"line":159,"column":18},"end":{"line":161,"column":1}},"15":{"start":{"line":163,"column":20},"end":{"line":169,"column":1}},"16":{"start":{"line":171,"column":18},"end":{"line":178,"column":1}},"17":{"start":{"line":180,"column":19},"end":{"line":248,"column":1}},"18":{"start":{"line":181,"column":2},"end":{"line":247,"column":8}},"19":{"start":{"line":211,"column":8},"end":{"line":211,"column":89}}},"fnMap":{"0":{"name":"(anonymous_0)","decl":{"start":{"line":180,"column":19},"end":{"line":180,"column":20}},"loc":{"start":{"line":181,"column":2},"end":{"line":247,"column":8}},"line":181},"1":{"name":"(anonymous_1)","decl":{"start":{"line":210,"column":36},"end":{"line":210,"column":37}},"loc":{"start":{"line":210,"column":47},"end":{"line":212,"column":7}},"line":210}},"branchMap":{"0":{"loc":{"start":{"line":188,"column":8},"end":{"line":194,"column":22}},"type":"binary-expr","locations":[{"start":{"line":188,"column":8},"end":{"line":188,"column":44}},{"start":{"line":189,"column":8},"end":{"line":194,"column":22}}],"line":188},"1":{"loc":{"start":{"line":197,"column":8},"end":{"line":204,"column":22}},"type":"binary-expr","locations":[{"start":{"line":197,"column":8},"end":{"line":197,"column":44}},{"start":{"line":198,"column":8},"end":{"line":204,"column":22}}],"line":197},"2":{"loc":{"start":{"line":215,"column":6},"end":{"line":218,"column":21}},"type":"binary-expr","locations":[{"start":{"line":215,"column":6},"end":{"line":215,"column":42}},{"start":{"line":216,"column":6},"end":{"line":218,"column":21}}],"line":215},"3":{"loc":{"start":{"line":240,"column":8},"end":{"line":245,"column":19}},"type":"binary-expr","locations":[{"start":{"line":240,"column":8},"end":{"line":240,"column":30}},{"start":{"line":241,"column":8},"end":{"line":245,"column":19}}],"line":240}},"s":{"0":3,"1":3,"2":3,"3":3,"4":3,"5":3,"6":3,"7":3,"8":3,"9":3,"10":3,"11":3,"12":3,"13":3,"14":3,"15":3,"16":3,"17":3,"18":3,"19":5},"f":{"0":3,"1":5},"b":{"0":[3,2],"1":[3,1],"2":[3,2],"3":[3,1]},"_coverageSchema":"1a1c01bbd47fc00a2c39e90264f33305004495a9","hash":"a5d059dd3fedd11a5af662ffabcf342900bbf310"}
,"/Users/minjigwak/yelp_business-reviews/client/src/components/ReviewList.jsx": {"path":"/Users/minjigwak/yelp_business-reviews/client/src/components/ReviewList.jsx","statementMap":{"0":{"start":{"line":6,"column":22},"end":{"line":20,"column":1}},"1":{"start":{"line":21,"column":13},"end":{"line":34,"column":1}},"2":{"start":{"line":37,"column":19},"end":{"line":47,"column":2}},"3":{"start":{"line":38,"column":2},"end":{"line":38,"column":40}},"4":{"start":{"line":39,"column":2},"end":{"line":47,"column":1}},"5":{"start":{"line":43,"column":8},"end":{"line":43,"column":59}}},"fnMap":{"0":{"name":"(anonymous_0)","decl":{"start":{"line":37,"column":19},"end":{"line":37,"column":20}},"loc":{"start":{"line":37,"column":30},"end":{"line":47,"column":2}},"line":37},"1":{"name":"(anonymous_1)","decl":{"start":{"line":42,"column":27},"end":{"line":42,"column":28}},"loc":{"start":{"line":42,"column":37},"end":{"line":44,"column":7}},"line":42}},"branchMap":{},"s":{"0":2,"1":2,"2":2,"3":1,"4":1,"5":2},"f":{"0":1,"1":2},"b":{},"_coverageSchema":"1a1c01bbd47fc00a2c39e90264f33305004495a9","hash":"471ac5e68869e1945662b370c9ffc9a65d8736f5"}
,"/Users/minjigwak/yelp_business-reviews/client/src/components/SearchReview.jsx": {"path":"/Users/minjigwak/yelp_business-reviews/client/src/components/SearchReview.jsx","statementMap":{"0":{"start":{"line":4,"column":21},"end":{"line":6,"column":1}},"1":{"start":{"line":5,"column":2},"end":{"line":5,"column":27}}},"fnMap":{"0":{"name":"(anonymous_0)","decl":{"start":{"line":4,"column":21},"end":{"line":4,"column":22}},"loc":{"start":{"line":5,"column":2},"end":{"line":5,"column":27}},"line":5}},"branchMap":{},"s":{"0":1,"1":0},"f":{"0":0},"b":{},"_coverageSchema":"1a1c01bbd47fc00a2c39e90264f33305004495a9","hash":"659560591bc3b60181dc43f9a8dc8c5204170e55"}
}
