TN:
SF:client/src/index.jsx
FNF:0
FNH:0
DA:5,0
LF:1
LH:0
BRF:0
BRH:0
end_of_record
TN:
SF:client/src/mockresponse.js
FNF:0
FNH:0
LF:0
LH:0
BRF:0
BRH:0
end_of_record
TN:
SF:client/src/components/App.jsx
FN:8,(anonymous_0)
FN:15,(anonymous_1)
FN:17,(anonymous_2)
FN:21,(anonymous_3)
FN:26,(anonymous_4)
FNF:5
FNH:3
FNDA:1,(anonymous_0)
FNDA:1,(anonymous_1)
FNDA:0,(anonymous_2)
FNDA:0,(anonymous_3)
FNDA:1,(anonymous_4)
DA:9,1
DA:10,1
DA:16,1
DA:18,0
DA:19,0
DA:22,0
DA:27,1
LF:7
LH:4
BRF:0
BRH:0
end_of_record
TN:
SF:client/src/components/Pictures.jsx
FN:19,(anonymous_0)
FNF:1
FNH:1
FNDA:3,(anonymous_0)
DA:5,4
DA:10,4
DA:19,4
DA:20,3
LF:4
LH:4
BRF:0
BRH:0
end_of_record
TN:
SF:client/src/components/ReviewItem.jsx
FN:180,(anonymous_0)
FN:210,(anonymous_1)
FNF:2
FNH:2
FNDA:3,(anonymous_0)
FNDA:5,(anonymous_1)
DA:7,3
DA:14,3
DA:26,3
DA:35,3
DA:44,3
DA:56,3
DA:77,3
DA:85,3
DA:94,3
DA:102,3
DA:108,3
DA:118,3
DA:133,3
DA:150,3
DA:159,3
DA:163,3
DA:171,3
DA:180,3
DA:181,3
DA:211,5
LF:20
LH:20
BRDA:188,0,0,3
BRDA:188,0,1,2
BRDA:197,1,0,3
BRDA:197,1,1,1
BRDA:215,2,0,3
BRDA:215,2,1,2
BRDA:240,3,0,3
BRDA:240,3,1,1
BRF:8
BRH:8
end_of_record
TN:
SF:client/src/components/ReviewList.jsx
FN:37,(anonymous_0)
FN:42,(anonymous_1)
FNF:2
FNH:2
FNDA:1,(anonymous_0)
FNDA:2,(anonymous_1)
DA:6,2
DA:21,2
DA:37,2
DA:38,1
DA:39,1
DA:43,2
LF:6
LH:6
BRF:0
BRH:0
end_of_record
TN:
SF:client/src/components/SearchReview.jsx
FN:4,(anonymous_0)
FNF:1
FNH:0
FNDA:0,(anonymous_0)
DA:4,1
DA:5,0
LF:2
LH:1
BRF:0
BRH:0
end_of_record
